<?xml version="1.0" encoding="UTF-8"?>
<testng-results skipped="0" failed="0" ignored="0" total="1" passed="1">
  <reporter-output>
  </reporter-output>
  <suite name="Suite" duration-ms="8140" started-at="2021-04-23T19:29:52Z" finished-at="2021-04-23T19:30:00Z">
    <groups>
      <group name="cucumber">
        <method signature="AbstractTestNGCucumberTests.runScenario(io.cucumber.testng.PickleWrapper, io.cucumber.testng.FeatureWrapper)[pri:0, instance:cucumberoptions.TestRunner@5ce81285]" name="runScenario" class="io.cucumber.testng.AbstractTestNGCucumberTests"/>
      </group> <!-- cucumber -->
    </groups>
    <test name="Test" duration-ms="8140" started-at="2021-04-23T19:29:52Z" finished-at="2021-04-23T19:30:00Z">
      <class name="cucumberoptions.TestRunner">
        <test-method status="PASS" signature="setUpClass()[pri:0, instance:cucumberoptions.TestRunner@5ce81285]" name="setUpClass" is-config="true" duration-ms="441" started-at="2021-04-23T19:29:52Z" finished-at="2021-04-23T19:29:52Z">
          <reporter-output>
          </reporter-output>
        </test-method> <!-- setUpClass -->
        <test-method status="PASS" signature="runScenario(io.cucumber.testng.PickleWrapper, io.cucumber.testng.FeatureWrapper)[pri:0, instance:cucumberoptions.TestRunner@5ce81285]" name="runScenario" duration-ms="7654" started-at="2021-04-23T19:29:52Z" description="Runs Cucumber Scenarios" data-provider="scenarios" finished-at="2021-04-23T19:30:00Z">
          <params>
            <param index="0">
              <value>
                <![CDATA["Positive test validating Login"]]>
              </value>
            </param>
            <param index="1">
              <value>
                <![CDATA["Optional[Login to the application]"]]>
              </value>
            </param>
          </params>
          <reporter-output>
          </reporter-output>
        </test-method> <!-- runScenario -->
        <test-method status="PASS" signature="tearDownClass()[pri:0, instance:cucumberoptions.TestRunner@5ce81285]" name="tearDownClass" is-config="true" duration-ms="19" started-at="2021-04-23T19:30:00Z" finished-at="2021-04-23T19:30:00Z">
          <reporter-output>
          </reporter-output>
        </test-method> <!-- tearDownClass -->
      </class> <!-- cucumberoptions.TestRunner -->
    </test> <!-- Test -->
  </suite> <!-- Suite -->
</testng-results>
